<?xml version="1.0" encoding="UTF-8"?>
<testng-results skipped="0" failed="0" ignored="0" total="1" passed="1">
  <reporter-output>
  </reporter-output>
  <suite name="test.LoginTest" duration-ms="10086" started-at="2019-08-16T18:39:49Z" finished-at="2019-08-16T18:39:59Z">
    <groups>
    </groups>
    <test name="Command line test" duration-ms="10086" started-at="2019-08-16T18:39:49Z" finished-at="2019-08-16T18:39:59Z">
      <class name="test.LoginTest">
        <test-method status="PASS" signature="loginTest()[pri:0, instance:test.LoginTest@7a0ac6e3]" name="loginTest" duration-ms="10050" started-at="2019-08-16T18:39:49Z" finished-at="2019-08-16T18:39:59Z">
          <reporter-output>
          </reporter-output>
        </test-method> <!-- loginTest -->
      </class> <!-- test.LoginTest -->
    </test> <!-- Command line test -->
  </suite> <!-- test.LoginTest -->
</testng-results>
