<?xml version="1.0" encoding="UTF-8"?>
<testng-results skipped="0" failed="0" ignored="0" total="2" passed="2">
  <reporter-output>
  </reporter-output>
  <suite name="Default suite" duration-ms="21254" started-at="2019-08-16T20:49:41Z" finished-at="2019-08-16T20:50:02Z">
    <groups>
    </groups>
    <test name="Default test" duration-ms="21254" started-at="2019-08-16T20:49:41Z" finished-at="2019-08-16T20:50:02Z">
      <class name="test.LoginTest">
        <test-method status="PASS" signature="launchBrowser()[pri:0, instance:test.LoginTest@635eaaf1]" name="launchBrowser" is-config="true" duration-ms="2837" started-at="2019-08-16T20:49:41Z" finished-at="2019-08-16T20:49:44Z">
          <reporter-output>
          </reporter-output>
        </test-method> <!-- launchBrowser -->
        <test-method status="PASS" signature="validUserShouldBeAbleToLogin()[pri:1, instance:test.LoginTest@635eaaf1]" name="validUserShouldBeAbleToLogin" duration-ms="2649" started-at="2019-08-16T20:49:44Z" finished-at="2019-08-16T20:49:47Z">
          <reporter-output>
          </reporter-output>
        </test-method> <!-- validUserShouldBeAbleToLogin -->
        <test-method status="PASS" signature="close()[pri:0, instance:test.LoginTest@635eaaf1]" name="close" is-config="true" duration-ms="602" started-at="2019-08-16T20:49:47Z" finished-at="2019-08-16T20:49:47Z">
          <reporter-output>
          </reporter-output>
        </test-method> <!-- close -->
        <test-method status="PASS" signature="launchBrowser()[pri:0, instance:test.LoginTest@635eaaf1]" name="launchBrowser" is-config="true" duration-ms="2058" started-at="2019-08-16T20:49:47Z" finished-at="2019-08-16T20:49:49Z">
          <reporter-output>
          </reporter-output>
        </test-method> <!-- launchBrowser -->
        <test-method status="PASS" signature="invalidUserShouldBeAbleToLogin()[pri:2, instance:test.LoginTest@635eaaf1]" name="invalidUserShouldBeAbleToLogin" duration-ms="12457" started-at="2019-08-16T20:49:49Z" finished-at="2019-08-16T20:50:02Z">
          <reporter-output>
          </reporter-output>
        </test-method> <!-- invalidUserShouldBeAbleToLogin -->
        <test-method status="PASS" signature="close()[pri:0, instance:test.LoginTest@635eaaf1]" name="close" is-config="true" duration-ms="622" started-at="2019-08-16T20:50:02Z" finished-at="2019-08-16T20:50:02Z">
          <reporter-output>
          </reporter-output>
        </test-method> <!-- close -->
      </class> <!-- test.LoginTest -->
    </test> <!-- Default test -->
  </suite> <!-- Default suite -->
</testng-results>
